<?xml version="1.0" encoding="UTF-8"?>
<!-- Generated by org.testng.reporters.JUnitReportReporter -->
<testsuite hostname="shubhamsomwanshi11" failures="0" tests="6" name="script.RegisterTest" time="89.022" errors="0" timestamp="2025-07-21T16:58:55 IST" skipped="0">
  <testcase classname="script.RegisterTest" name="testInvalidRegister_MissingGender" time="15.552">
    <system-out>
      <![CDATA[❌ Registration failed due to missing gender]]>
    </system-out>
  </testcase> <!-- testInvalidRegister_MissingGender -->
  <testcase classname="script.RegisterTest" name="testInvalidRegister_InvalidEmail" time="15.711">
    <system-out>
      <![CDATA[❌ Registration failed due to invalid email]]>
    </system-out>
  </testcase> <!-- testInvalidRegister_InvalidEmail -->
  <testcase classname="script.RegisterTest" name="testInvalidRegister_ShortPassword" time="17.347">
    <system-out>
      <![CDATA[❌ Registration failed due to weak password]]>
    </system-out>
  </testcase> <!-- testInvalidRegister_ShortPassword -->
  <testcase classname="script.RegisterTest" name="testInvalidRegister_EmptyForm" time="12.170">
    <system-out>
      <![CDATA[❌ Registration failed due to completely empty form]]>
    </system-out>
  </testcase> <!-- testInvalidRegister_EmptyForm -->
  <testcase classname="script.RegisterTest" name="testInvalidRegister_MissingFields" time="12.613">
    <system-out>
      <![CDATA[❌ Registration failed due to missing required fields]]>
    </system-out>
  </testcase> <!-- testInvalidRegister_MissingFields -->
  <testcase classname="script.RegisterTest" name="testValidRegister" time="15.629">
    <system-out>
      <![CDATA[✅ Valid registration successful]]>
    </system-out>
  </testcase> <!-- testValidRegister -->
  <system-out>
    <![CDATA[❌ Registration failed due to completely empty form
❌ Registration failed due to invalid email
❌ Registration failed due to missing required fields
❌ Registration failed due to missing gender
❌ Registration failed due to weak password
✅ Valid registration successful]]>
  </system-out>
</testsuite> <!-- script.RegisterTest -->
