<?xml version="1.0" encoding="UTF-8"?>
<!-- Generated by org.testng.reporters.JUnitReportReporter -->
<testsuite hostname="shubhamsomwanshi11" failures="0" tests="4" name="script.HomeTest" time="54.702" errors="0" timestamp="2025-07-21T16:46:59 IST" skipped="0">
  <testcase classname="script.HomeTest" name="testWOMENLoadsCorrect" time="8.769">
    <system-out>
      <![CDATA[Women Collections Loads correctly.]]>
    </system-out>
  </testcase> <!-- testWOMENLoadsCorrect -->
  <testcase classname="script.HomeTest" name="testMENLoadsCorrect" time="4.244">
    <system-out>
      <![CDATA[Mens Collections Loads correctly.]]>
    </system-out>
  </testcase> <!-- testMENLoadsCorrect -->
  <testcase classname="script.HomeTest" name="testFOOTWARELoadsCorrect" time="35.651">
    <system-out>
      <![CDATA[FOOTWARE Collection Loads correctly.]]>
    </system-out>
  </testcase> <!-- testFOOTWARELoadsCorrect -->
  <testcase classname="script.HomeTest" name="testKIDSLoadsCorrect" time="6.038">
    <system-out>
      <![CDATA[KIDS Collection Loads correctly.]]>
    </system-out>
  </testcase> <!-- testKIDSLoadsCorrect -->
  <system-out>
    <![CDATA[FOOTWARE Collection Loads correctly.
KIDS Collection Loads correctly.
Mens Collections Loads correctly.
Women Collections Loads correctly.]]>
  </system-out>
</testsuite> <!-- script.HomeTest -->
